Image not found at: data/Neck/Sternocleidomastoid/stretch/NeckRotation.jpg
Image not found at: data/Neck/Splenius/stretch/Neck.jpg
Image not found at: data/Shoulders/DeltoidAnterior/stretch/PNFSeated.jpg
Image not found at: data/Shoulders/DeltoidLateral/stretch/FixedBar.jpg
Image not found at: data/Shoulders/DeltoidLateral/stretch/SideDelt.jpg
Image not found at: data/UpperArms/Triceps/stretch/Overhead.jpg
Image not found at: data/UpperArms/Triceps/stretch/PNFOverhead.jpg
Image not found at: data/UpperArms/Biceps/stretch/Seated.jpg
Image not found at: data/UpperArms/Biceps/stretch/PNFSeated.jpg
Image not found at: data/UpperArms/Biceps/stretch/Wall.jpg
Image not found at: data/Forearms/WristFlexors/stretch/Praying.jpg
Image not found at: data/Forearms/WristFlexors/stretch/Seated.jpg
Image not found at: data/Forearms/WristFlexors/stretch/Single.jpg
Image not found at: data/Forearms/WristFlexors/stretch/Kneeling.jpg
Image not found at: data/Forearms/WristExtensors/stretch/Kneeling.gif
Image not found at: data/Back/BackGeneral/stretch/FixedBar.jpg
Image not found at: data/Back/LatissimusDorsi/stretch/Bentover.jpg
Image not found at: data/Back/LatissimusDorsi/stretch/Overhead
Image not found at: data/Back/LatissimusDorsi/stretch/StandingSideReach.jpg
Image not found at: data/Back/Rhomboids/stretch/FixedBar.jpg
Image not found at: data/Waist/Obliques/stretch/SeatedBentLeg.jpg
Image not found at: data/Waist/ErectorSpinae/stretch/Cat.jpg
Image not found at: data/Waist/ErectorSpinae/stretch/Squatting.jpg
Image not found at: data/Hips/GluteusMaximus/stretch/LyingModified.jpg
Image not found at: data/Hips/GluteusMaximus/stretch/LyingWall.jpg
Image not found at: data/Hips/GluteusMaximus/stretch/ProneGlute.jpg
Image not found at: data/Hips/GluteusMaximus/stretch/SeatedBentover.jpg
Image not found at: data/Hips/GluteusMaximus/stretch/SeatedFloor.jpg
Image not found at: data/Hips/GluteusMaximus/stretch/PNFSeated.jpg
Image not found at: data/Hips/GluteusMaximus/stretch/StandingGlute.jpg
Image not found at: data/Hips/GluteusMaximus/stretch/Squatting.jpg
Image not found at: data/Hips/HipAbductors/stretch(gluteusmedius&minimus)/PNFLyingCrossover.jpg
Image not found at: data/Hips/HipAbductors/stretch(gluteusmedius&minimus)/LyingPretzel.jpg
Image not found at: data/Hips/HipAbductors/stretch(gluteusmedius&minimus)/SeatedHipInternalRotatorBentLegUnder.jpg
Image not found at: data/Hips/HipAbductors/stretch(gluteusmedius&minimus)/SeatedHipInternalRotatorChair.jpg
Image not found at: data/Hips/HipFlexors/stretch(iliopsoas)/BentoverLungeHipFlexor.jpg
Image not found at: data/Hips/HipFlexors/stretch(iliopsoas)/SLLungingHipFlexor.jpg
Image not found at: data/Hips/HipFlexors/stretch(iliopsoas)/Standing.jpg
Image not found at: data/Hips/HipExternalRotators/stretch/SeatedHipExternalRotator.jpg
Image not found at: data/Hips/HipExternalRotators/stretch(piriformis)/PNFLyingPiriformis.jpg
Image not found at: data/Hips/HipExternalRotators/stretch(piriformis)/SeatedPiriformis.jpg
Image not found at: data/Hips/HipExternalRotators/stretch(piriformis)/SeatedPiriformisChair.jpg
Image not found at: data/Hips/HipExternalRotators/stretch(piriformis)/PNFSeatedPiriformis.jpg
Image not found at: data/Thighs/Quadriceps/stretch/SideLying.jpg
Image not found at: data/Thighs/Quadriceps/stretch/StandingGroinApparatus.jpg
Image not found at: data/Thighs/Hamstrings/stretch/LVLyingHamstring.jpg
Image not found at: data/Thighs/Hamstrings/stretch/SeatedSingleLeg.jpg
Image not found at: data/Thighs/Hamstrings/stretch/SeatedChair.jpg
Image not found at: data/Thighs/Hamstrings/stretch/SeatedChairSingleLeg.jpg
Image not found at: data/Thighs/Hamstrings/stretch/SeatedBenchSingleLeg.jpg
Image not found at: data/Thighs/Hamstrings/stretch/StandingSingleLeg.jpg
Image not found at: data/Thighs/HipAdductors/stretch/LyingGroin.jpg
Image not found at: data/Thighs/HipAdductors/stretch/KneelingSideLunge.jpg
Image not found at: data/Thighs/HipAdductors/stretch/PNFStraightLeg.jpg
Image not found at: data/Thighs/HipAdductors/stretch/PNFBentLeg.jpg
Image not found at: data/Thighs/HipAdductors/stretch/MachSeatedGroin.jpg
Image not found at: data/Thighs/HipAdductors/stretch/KneelingGroin.jpg
Image not found at: data/Thighs/HipAdductors/stretch/SeatedGroinApparatus.jpg
Image not found at: data/Thighs/HipAdductors/stretch/LyingWallGroin.jpg
Image not found at: data/Thighs/HipAdductors/stretch/LyingAdductorMagnus.jpg
Image not found at: data/Calves/Gastrocnemius/stretch/Bentover.jpg
Image not found at: data/Calves/Gastrocnemius/stretch/SingleLegBentover.jpg
Image not found at: data/Calves/Gastrocnemius/stretch/Step.jpg
Image not found at: data/Calves/Gastrocnemius/stretch/Towel.jpg
Image not found at: data/Calves/Soleus/stretch/FloorBoard.jpg
Image not found at: data/Calves/Soleus/stretch/Lunging.jpg
Image not found at: data/Calves/Soleus/stretch/Bentover.jpg
Image not found at: data/Calves/Soleus/stretch/SingleLegBentover.jpg
