Chest,PectoralSternal,cable
Chest,PectoralSternal,plyometric
Chest,SerratusAnterior,plyometric
Waist,RectusAbdominis,plyometric
Waist,Obliques,plyometric
Chest, PectoralSternal, cable
Chest, PectoralSternal, plyometric
Chest, SerratusAnterior, plyometric
Waist, RectusAbdominis, plyometric
Waist, Obliques, plyometric
Chest, PectoralSternal, cable
Chest, PectoralSternal, plyometric
Chest, SerratusAnterior, plyometric
Waist, RectusAbdominis, plyometric
Waist, Obliques, plyometric
Chest, PectoralSternal, cable
Chest, PectoralSternal, plyometric
Chest, SerratusAnterior, plyometric
Waist, RectusAbdominis, plyometric
Waist, Obliques, plyometric
Chest, PectoralSternal, cable
Chest, PectoralSternal, plyometric
Chest, SerratusAnterior, plyometric
Waist, RectusAbdominis, plyometric
Waist, Obliques, plyometric
Chest, PectoralSternal, cable
Chest, PectoralSternal, plyometric
Chest, SerratusAnterior, plyometric
Waist, RectusAbdominis, plyometric
Waist, Obliques, plyometric
Chest, PectoralSternal, cable
Chest, PectoralSternal, plyometric
Chest, SerratusAnterior, plyometric
Waist, RectusAbdominis, plyometric
Waist, Obliques, plyometric
Chest, PectoralSternal, cable
Chest, PectoralSternal, plyometric
Chest, SerratusAnterior, plyometric
Waist, RectusAbdominis, plyometric
Waist, Obliques, plyometric
Chest, PectoralSternal, cable
Chest, PectoralSternal, plyometric
Chest, SerratusAnterior, plyometric
Waist, RectusAbdominis, plyometric
Waist, Obliques, plyometric
Chest, PectoralSternal, cable
Chest, PectoralSternal, plyometric
Chest, SerratusAnterior, plyometric
Waist, RectusAbdominis, plyometric
Waist, Obliques, plyometric
Chest, PectoralSternal, cable
Chest, PectoralSternal, plyometric
Chest, SerratusAnterior, plyometric
Waist, RectusAbdominis, plyometric
Waist, Obliques, plyometric
